#------------------------------------------------------------------------------
# Faults listed:       Prime: 16124        Total: 16124
#------------------------------------------------------------------------------
# Fault Coverage Summary
#
#                                        Prime             Total
#------------------------------------------------------------------------------
# Total Faults:                          16124             16124
#
# Dropped Detected                 DD        0   0.00%         0   0.00%
# Dropped Potential                PD        1   0.01%         1   0.01%
# Not Detected                     ND    15319  95.01%     15319  95.01%
# Not Strobed                      NS       16   0.10%        16   0.10%
# Not Observed                     NO      488   3.03%       488   3.03%
# Not Controlled                   NC      300   1.86%       300   1.86%
#
# Faults not detected yet:
#   Not simulated yet:                     804   4.99%       804   4.99%
#   Simulated 1 to 5 times:              15320  95.01%     15320  95.01%
#   Simulated 6 to 10 times:                 0   0.00%         0   0.00%
#   Simulated > 10 times:                    0   0.00%         0   0.00%
#
# Faults potentially detected:
#   Possible 1 to 5 times:                   1   0.01%         1   0.01%
#   Possible 6 to 10 times:                  0   0.00%         0   0.00%
#   Possible > 10 times:                     0   0.00%         0   0.00%
#
# Test Coverage                                  0.00%             0.00%
# Fault Coverage                                 0.00%             0.00%
#------------------------------------------------------------------------------
