#------------------------------------------------------------------------------
# Faults listed:       Prime: 53398        Total: 53398
#------------------------------------------------------------------------------
# Fault Coverage Summary
#
#                                        Prime             Total
#------------------------------------------------------------------------------
# Total Faults:                          53398             53398
#
# Dropped Detected                 DD        0   0.00%         0   0.00%
# Dropped Potential                PD     1287   2.41%      1287   2.41%
# Not Detected                     ND    47216  88.42%     47216  88.42%
# Not Observed                     NO     2703   5.06%      2703   5.06%
# Not Controlled                   NC     2192   4.11%      2192   4.11%
#
# Faults not detected yet:
#   Not simulated yet:                    4895   9.17%      4895   9.17%
#   Simulated 1 to 5 times:              48503  90.83%     48503  90.83%
#   Simulated 6 to 10 times:                 0   0.00%         0   0.00%
#   Simulated > 10 times:                    0   0.00%         0   0.00%
#
# Faults potentially detected:
#   Possible 1 to 5 times:                1287   2.41%      1287   2.41%
#   Possible 6 to 10 times:                  0   0.00%         0   0.00%
#   Possible > 10 times:                     0   0.00%         0   0.00%
#
# Test Coverage                                  1.21%             1.21%
# Fault Coverage                                 1.21%             1.21%
#------------------------------------------------------------------------------
