 
****************************************
Report : area
Design : cv32e40p_top
Version: U-2022.12
Date   : Fri Jan 26 20:34:11 2024
****************************************

Library(s) Used:

    NangateOpenCellLibrary (File: /home/s313207/cv32e40p_ft/syn/techlib/NangateOpenCellLibrary_typical_ccs_scan.db)

Number of ports:                        10414
Number of nets:                         56121
Number of cells:                        44670
Number of combinational cells:          40269
Number of sequential cells:              4337
Number of macros/black boxes:               0
Number of buf/inv:                       6591
Number of references:                       2

Combinational area:              47495.630320
Buf/Inv area:                     3904.348008
Noncombinational area:           23084.278744
Macro/Black Box area:                0.000000
Net Interconnect area:      undefined  (Wire load has zero net area)

Total cell area:                 70579.909063
Total area:                 undefined
1
