#------------------------------------------------------------------------------
# Faults listed:       Prime: 17992        Total: 17992
#------------------------------------------------------------------------------
# Fault Coverage Summary
#
#                                        Prime             Total
#------------------------------------------------------------------------------
# Total Faults:                          17992             17992
#
# Dropped Detected                 DD     4688  26.06%      4688  26.06%
# Dropped Potential                PD        3   0.02%         3   0.02%
# Not Detected                     ND     2548  14.16%      2548  14.16%
# Not Strobed                      NS       62   0.34%        62   0.34%
# Not Observed                     NO     9878  54.90%      9878  54.90%
# Not Controlled                   NC      813   4.52%       813   4.52%
#
# Faults not detected yet:
#   Not simulated yet:                   10753  59.77%     10753  59.77%
#   Simulated 1 to 5 times:               2551  14.18%      2551  14.18%
#   Simulated 6 to 10 times:                 0   0.00%         0   0.00%
#   Simulated > 10 times:                    0   0.00%         0   0.00%
#
# Faults potentially detected:
#   Possible 1 to 5 times:                   3   0.02%         3   0.02%
#   Possible 6 to 10 times:                  0   0.00%         0   0.00%
#   Possible > 10 times:                     0   0.00%         0   0.00%
#
# Test Coverage                                 26.06%            26.06%
# Fault Coverage                                26.06%            26.06%
#------------------------------------------------------------------------------
