 
****************************************
Report : area
Design : cv32e40p_top
Version: U-2022.12
Date   : Fri Jan 26 20:10:03 2024
****************************************

Library(s) Used:

    NangateOpenCellLibrary (File: /home/s313207/cv32e40p_ft/syn/techlib/NangateOpenCellLibrary_typical_ccs_scan.db)

Number of ports:                         7681
Number of nets:                         23243
Number of cells:                        17076
Number of combinational cells:          14910
Number of sequential cells:              2131
Number of macros/black boxes:               0
Number of buf/inv:                       1767
Number of references:                       2

Combinational area:              18818.436131
Buf/Inv area:                     1065.595999
Noncombinational area:           11343.304367
Macro/Black Box area:                0.000000
Net Interconnect area:      undefined  (Wire load has zero net area)

Total cell area:                 30161.740498
Total area:                 undefined
1
